<?xml version="1.0" encoding="UTF-8"?>
<!-- Generated by org.testng.reporters.JUnitReportReporter -->
<testsuite hostname="Asus-TUF-Gaming" failures="0" tests="3" name="selenium.DemoWebShopTestNG" time="0.070" errors="0" timestamp="2023-06-12T13:40:05 IST" skipped="0">
  <testcase classname="selenium.DemoWebShopTestNG" name="verifyHomePageElements" time="0.067"/>
  <system-out/>
  <testcase classname="selenium.DemoWebShopTestNG" name="verifyAddToCartPage" time="0.002"/>
  <system-out/>
  <testcase classname="selenium.DemoWebShopTestNG" name="addToCartFirstProduct" time="0.001"/>
  <system-out/>
</testsuite> <!-- selenium.DemoWebShopTestNG -->
